<?xml version="1.0" encoding="UTF-8"?>
<!-- Generated by org.testng.reporters.JUnitXMLReporter -->
<testsuite hostname="kirri-PC" ignored="2" name="Default test" tests="3" failures="0" timestamp="29 Jan 2019 13:09:11 GMT" time="92.74" errors="0">
  <testcase name="ValidateCreatenewcontact" time="7.086" classname="com.crm.qa.testcases.ContactsPageTest"/>
  <testcase name="ValidateCreatenewcontact" time="6.511" classname="com.crm.qa.testcases.ContactsPageTest"/>
  <testcase name="ValidateCreatenewcontact" time="6.946" classname="com.crm.qa.testcases.ContactsPageTest"/>
  <testcase name="validateContactLinklabelTest" time="0.0" classname="com.crm.qa.testcases.ContactsPageTest">
    <ignored/>
  </testcase> <!-- validateContactLinklabelTest -->
  <testcase name="validateusercheckboxTest" time="0.0" classname="com.crm.qa.testcases.ContactsPageTest">
    <ignored/>
  </testcase> <!-- validateusercheckboxTest -->
</testsuite> <!-- Default test -->
